<?xml version="1.0" encoding="UTF-8"?>
<!-- Generated by org.testng.reporters.JUnitReportReporter -->
<testsuite hostname="SPICITY1077" name="com.spi.testclasses.Driver" tests="1" failures="0" timestamp="3 Nov 2016 09:33:26 GMT" time="10.653" errors="0">
  <testcase name="testMethod" time="10.653" classname="com.spi.testclasses.Driver"/>
</testsuite> <!-- com.spi.testclasses.Driver -->
